<?xml version="1.0" encoding="UTF-8"?>
<!-- Generated by org.testng.reporters.JUnitXMLReporter -->
<testsuite ignored="0" hostname="DERRICKS-PC" failures="0" tests="3" name="Default test" time="39.189" errors="0" timestamp="2024-05-25T01:04:43 IST">
  <testcase classname="testNG.PKtest" name="ScrollPageAndAssertLogo" time="4.082"/>
  <testcase classname="testNG.PKtest" name="OpenAllHeadersAndTakeSS" time="17.692"/>
  <testcase classname="testNG.PKtest" name="FillAJobApplication" time="8.791"/>
</testsuite> <!-- Default test -->
