<?xml version="1.0" encoding="UTF-8"?>
<testng-results ignored="0" total="3" passed="3" failed="0" skipped="0">
  <reporter-output>
    <line>
      <![CDATA[1.Scrolling the page from top to bottom and asserting the logo]]>
    </line>
    <line>
      <![CDATA[        ]]>
    </line>
    <line>
      <![CDATA[valid entry sucessful!]]>
    </line>
    <line>
      <![CDATA[2.Open Headers in Tabs and take screenshots :]]>
    </line>
    <line>
      <![CDATA[        ]]>
    </line>
    <line>
      <![CDATA[3.Click Apply button and fill out a job application :]]>
    </line>
    <line>
      <![CDATA[        ]]>
    </line>
  </reporter-output>
  <suite started-at="2024-05-25T01:04:03 IST" name="Default suite" finished-at="2024-05-25T01:04:43 IST" duration-ms="39189">
    <groups>
    </groups>
    <test started-at="2024-05-25T01:04:03 IST" name="Default test" finished-at="2024-05-25T01:04:43 IST" duration-ms="39189">
      <class name="testNG.PKtest">
        <test-method is-config="true" signature="general()[pri:0, instance:testNG.PKtest@57d7f8ca]" started-at="2024-05-25T01:04:04 IST" name="general" finished-at="2024-05-25T01:04:07 IST" duration-ms="3339" status="PASS">
          <reporter-output>
          </reporter-output>
        </test-method> <!-- general -->
        <test-method signature="ScrollPageAndAssertLogo()[pri:1, instance:testNG.PKtest@57d7f8ca]" started-at="2024-05-25T01:04:07 IST" name="ScrollPageAndAssertLogo" finished-at="2024-05-25T01:04:11 IST" duration-ms="4082" status="PASS">
          <reporter-output>
            <line>
              <![CDATA[1.Scrolling the page from top to bottom and asserting the logo]]>
            </line>
            <line>
              <![CDATA[        ]]>
            </line>
            <line>
              <![CDATA[valid entry sucessful!]]>
            </line>
          </reporter-output>
        </test-method> <!-- ScrollPageAndAssertLogo -->
        <test-method is-config="true" signature="general()[pri:0, instance:testNG.PKtest@57d7f8ca]" started-at="2024-05-25T01:04:11 IST" name="general" finished-at="2024-05-25T01:04:13 IST" duration-ms="2485" status="PASS">
          <reporter-output>
          </reporter-output>
        </test-method> <!-- general -->
        <test-method signature="OpenAllHeadersAndTakeSS()[pri:2, instance:testNG.PKtest@57d7f8ca]" started-at="2024-05-25T01:04:13 IST" name="OpenAllHeadersAndTakeSS" finished-at="2024-05-25T01:04:31 IST" duration-ms="17692" status="PASS">
          <reporter-output>
            <line>
              <![CDATA[2.Open Headers in Tabs and take screenshots :]]>
            </line>
            <line>
              <![CDATA[        ]]>
            </line>
          </reporter-output>
        </test-method> <!-- OpenAllHeadersAndTakeSS -->
        <test-method is-config="true" signature="general()[pri:0, instance:testNG.PKtest@57d7f8ca]" started-at="2024-05-25T01:04:31 IST" name="general" finished-at="2024-05-25T01:04:34 IST" duration-ms="2753" status="PASS">
          <reporter-output>
          </reporter-output>
        </test-method> <!-- general -->
        <test-method signature="FillAJobApplication()[pri:3, instance:testNG.PKtest@57d7f8ca]" started-at="2024-05-25T01:04:34 IST" name="FillAJobApplication" finished-at="2024-05-25T01:04:43 IST" duration-ms="8791" status="PASS">
          <reporter-output>
            <line>
              <![CDATA[3.Click Apply button and fill out a job application :]]>
            </line>
            <line>
              <![CDATA[        ]]>
            </line>
          </reporter-output>
        </test-method> <!-- FillAJobApplication -->
      </class> <!-- testNG.PKtest -->
    </test> <!-- Default test -->
  </suite> <!-- Default suite -->
</testng-results>
